#
# A fatal error has been detected by the Java Runtime Environment:
#
#  EXCEPTION_STACK_OVERFLOW (0xc00000fd) at pc=0x0000000002936a31, pid=4308, tid=7500
#
# JRE version: Java(TM) SE Runtime Environment (8.0_20-b26) (build 1.8.0_20-b26)
# Java VM: Java HotSpot(TM) 64-Bit Server VM (25.20-b23 mixed mode windows-amd64 compressed oops)
# Problematic frame:
# j  my.DebugTest.factorial(I)I+0
#
# Failed to write core dump. Minidumps are not enabled by default on client versions of Windows
#
# If you would like to submit a bug report, please visit:
#   http://bugreport.sun.com/bugreport/crash.jsp
#

---------------  T H R E A D  ---------------

Current thread (0x0000000002568000):  JavaThread "main" [_thread_in_Java, id=7500, stack(0x0000000002820000,0x0000000002920000)]

siginfo: ExceptionCode=0xc00000fd, ExceptionInformation=0x0000000000000001 0x0000000002820fa8 

Registers:
RAX=0x0000000017110530, RBX=0x0000000017110330, RCX=0x0000000000000100, RDX=0x0000000017110460
RSP=0x0000000002826fa8, RBP=0x0000000002826fe8, RSI=0x0000000002568000, RDI=0x00000000ffffffff
R8 =0x0000000000000004, R9 =0x0000000002566f60, R10=0x0000000052114230, R11=0x0000000018bb5bd0
R12=0x0000000000000000, R13=0x00000000171102f0, R14=0x0000000002827000, R15=0x0000000002568000
RIP=0x0000000002936a31, EFLAGS=0x0000000000010206

Top of Stack: (sp=0x0000000002826fa8)
0x0000000002826fa8:   0000000002826fa8 00000000171102f0
0x0000000002826fb8:   0000000002827000 0000000017110460
0x0000000002826fc8:   0000000017110630 0000000017110330
0x0000000002826fd8:   0000000000000000 0000000002827000
0x0000000002826fe8:   0000000002827050 0000000002927510
0x0000000002826ff8:   0000000000000000 00000000ffffd9d1
0x0000000002827008:   00000000ffffd9d2 0000000002827010
0x0000000002827018:   00000000171102fb 0000000002827068
0x0000000002827028:   0000000017110460 0000000017110660
0x0000000002827038:   0000000017110330 0000000002827000
0x0000000002827048:   0000000002827068 00000000028270b8
0x0000000002827058:   0000000002927510 0000000000000000
0x0000000002827068:   00000000ffffd9d2 00000000ffffd9d3
0x0000000002827078:   0000000002827078 00000000171102fb
0x0000000002827088:   00000000028270d0 0000000017110460
0x0000000002827098:   0000000017110660 0000000017110330 

Instructions: (pc=0x0000000002936a31)
0x0000000002936a11:   00 f0 ff ff 89 84 24 00 e0 ff ff 89 84 24 00 d0
0x0000000002936a21:   ff ff 89 84 24 00 c0 ff ff 89 84 24 00 b0 ff ff
0x0000000002936a31:   89 84 24 00 a0 ff ff 41 c6 87 85 02 00 00 00 41
0x0000000002936a41:   8b 97 88 03 00 00 85 d2 0f 84 2c 01 00 00 e8 05 


Register to memory mapping:

RAX=0x0000000017110530 is pointing into metadata
RBX={method} {0x0000000017110338} 'factorial' '(I)I' in 'my/DebugTest'
RCX=0x0000000000000100 is an unknown value
RDX=0x0000000017110460 is pointing into metadata
RSP=0x0000000002826fa8 is pointing into the stack for thread: 0x0000000002568000
RBP=0x0000000002826fe8 is pointing into the stack for thread: 0x0000000002568000
RSI=0x0000000002568000 is a thread
RDI=0x00000000ffffffff is an unallocated location in the heap
R8 =0x0000000000000004 is an unknown value
R9 =0x0000000002566f60 is an unknown value
R10=0x0000000052114230 is an unknown value
R11=0x0000000018bb5bd0 is an unknown value
R12=0x0000000000000000 is an unknown value
R13=0x00000000171102f0 is pointing into metadata
R14=0x0000000002827000 is pointing into the stack for thread: 0x0000000002568000
R15=0x0000000002568000 is a thread


Stack: [0x0000000002820000,0x0000000002920000],  sp=0x0000000002826fa8,  free space=27k
Native frames: (J=compiled Java code, j=interpreted, Vv=VM code, C=native code)
C  0x0000000002936a31


---------------  P R O C E S S  ---------------

Java Threads: ( => current thread )
  0x0000000018b74000 JavaThread "Service Thread" daemon [_thread_blocked, id=6280, stack(0x0000000019da0000,0x0000000019ea0000)]
  0x0000000018b0d800 JavaThread "C1 CompilerThread2" daemon [_thread_blocked, id=8160, stack(0x0000000019660000,0x0000000019760000)]
  0x0000000018b0b800 JavaThread "C2 CompilerThread1" daemon [_thread_blocked, id=6704, stack(0x0000000019c40000,0x0000000019d40000)]
  0x0000000018b06000 JavaThread "C2 CompilerThread0" daemon [_thread_blocked, id=6508, stack(0x0000000019ab0000,0x0000000019bb0000)]
  0x0000000018af7000 JavaThread "JDWP Command Reader" daemon [_thread_in_native, id=4284, stack(0x0000000019990000,0x0000000019a90000)]
  0x0000000018af5800 JavaThread "JDWP Event Helper Thread" daemon [_thread_blocked, id=6888, stack(0x0000000019800000,0x0000000019900000)]
  0x0000000018ae9800 JavaThread "JDWP Transport Listener: dt_socket" daemon [_thread_blocked, id=4348, stack(0x0000000012750000,0x0000000012850000)]
  0x000000001770e000 JavaThread "Attach Listener" daemon [_thread_blocked, id=2292, stack(0x00000000192a0000,0x00000000193a0000)]
  0x0000000018ada800 JavaThread "Signal Dispatcher" daemon [_thread_blocked, id=6548, stack(0x00000000190b0000,0x00000000191b0000)]
  0x00000000176a6000 JavaThread "Finalizer" daemon [_thread_blocked, id=8000, stack(0x0000000018710000,0x0000000018810000)]
  0x000000001769d000 JavaThread "Reference Handler" daemon [_thread_blocked, id=8064, stack(0x00000000189d0000,0x0000000018ad0000)]
=>0x0000000002568000 JavaThread "main" [_thread_in_Java, id=7500, stack(0x0000000002820000,0x0000000002920000)]

Other Threads:
  0x0000000017697000 VMThread [stack: 0x0000000018840000,0x0000000018940000] [id=4796]
  0x0000000018b9f000 WatcherThread [stack: 0x000000001a020000,0x000000001a120000] [id=3000]

VM state:not at safepoint (normal execution)

VM Mutex/Monitor currently owned by a thread: None

Heap:
 PSYoungGen      total 38400K, used 3328K [0x00000000d5800000, 0x00000000d8280000, 0x0000000100000000)
  eden space 33280K, 10% used [0x00000000d5800000,0x00000000d5b400c8,0x00000000d7880000)
  from space 5120K, 0% used [0x00000000d7d80000,0x00000000d7d80000,0x00000000d8280000)
  to   space 5120K, 0% used [0x00000000d7880000,0x00000000d7880000,0x00000000d7d80000)
 ParOldGen       total 87552K, used 0K [0x0000000080800000, 0x0000000085d80000, 0x00000000d5800000)
  object space 87552K, 0% used [0x0000000080800000,0x0000000080800000,0x0000000085d80000)
 Metaspace       used 2572K, capacity 4486K, committed 4864K, reserved 1056768K
  class space    used 272K, capacity 386K, committed 512K, reserved 1048576K

Card table byte_map: [0x0000000011ce0000,0x00000000120e0000] byte_map_base: 0x00000000118dc000

Marking Bits: (ParMarkBitMap*) 0x000000005212b460
 Begin Bits: [0x0000000012950000, 0x0000000014930000)
 End Bits:   [0x0000000014930000, 0x0000000016910000)

Polling page: 0x0000000000320000

CodeCache: size=245760Kb used=1092Kb max_used=1092Kb free=244667Kb
 bounds [0x0000000002920000, 0x0000000002b90000, 0x0000000011920000]
 total_blobs=244 nmethods=23 adapters=144
 compilation: enabled

Compilation events (10 events):
Event: 0.112 Thread 0x0000000018b0d800   20       1       java.lang.Object::<init> (1 bytes)
Event: 0.112 Thread 0x0000000018b0d800 nmethod 20 0x0000000002a2e650 code [0x0000000002a2e7a0, 0x0000000002a2e8b0]
Event: 0.112 Thread 0x0000000018b0d800   19       3       java.lang.Math::min (11 bytes)
Event: 0.112 Thread 0x0000000018b0d800 nmethod 19 0x0000000002a2e310 code [0x0000000002a2e460, 0x0000000002a2e5f0]
Event: 0.115 Thread 0x0000000018b0d800   21       3       java.lang.AbstractStringBuilder::append (50 bytes)
Event: 0.115 Thread 0x0000000018b0d800 nmethod 21 0x0000000002a30550 code [0x0000000002a306e0, 0x0000000002a30be8]
Event: 91.811 Thread 0x0000000018b0d800   22       1       java.nio.Buffer::position (5 bytes)
Event: 91.811 Thread 0x0000000018b0d800 nmethod 22 0x0000000002a30dd0 code [0x0000000002a30f20, 0x0000000002a31030]
Event: 175.395 Thread 0x0000000018b0d800   23       1       java.nio.Buffer::limit (5 bytes)
Event: 175.396 Thread 0x0000000018b0d800 nmethod 23 0x0000000002a31090 code [0x0000000002a311e0, 0x0000000002a312f0]

GC Heap History (0 events):
No events

Deoptimization events (0 events):
No events

Internal exceptions (6 events):
Event: 0.030 Thread 0x0000000002568000 Exception <a 'java/lang/NoSuchMethodError': Method sun.misc.Unsafe.defineClass(Ljava/lang/String;[BII)Ljava/lang/Class; name or signature does not match> (0x00000000d5811e50) thrown at [D:\re\workspace\8-2-build-windows-amd64-cygwin\jdk8u20\1074\hotspot\sr_G均?
Event: 0.030 Thread 0x0000000002568000 Exception <a 'java/lang/NoSuchMethodError': Method sun.misc.Unsafe.prefetchRead(Ljava/lang/Object;J)V name or signature does not match> (0x00000000d58120e0) thrown at [D:\re\workspace\8-2-build-windows-amd64-cygwin\jdk8u20\1074\hotspot\src\share\vm\prims\j馀ho眉?
Event: 0.112 Thread 0x0000000002568000 Exception <a 'java/security/PrivilegedActionException'> (0x00000000d5a9ea70) thrown at [D:\re\workspace\8-2-build-windows-amd64-cygwin\jdk8u20\1074\hotspot\src\share\vm\prims\jvm.cpp, line 1275]
Event: 184.608 Thread 0x0000000002568000 Exception <a 'java/lang/StackOverflowError'> (0x00000000d5aa4310) thrown at [D:\re\workspace\8-2-build-windows-amd64-cygwin\jdk8u20\1074\hotspot\src\share\vm\interpreter\interpreterRuntime.cpp, line 323]
Event: 190.369 Thread 0x0000000002568000 Exception <a 'java/lang/StackOverflowError'> (0x00000000d5aa7530) thrown at [D:\re\workspace\8-2-build-windows-amd64-cygwin\jdk8u20\1074\hotspot\src\share\vm\interpreter\interpreterRuntime.cpp, line 323]
Event: 191.494 Thread 0x0000000002568000 Exception <a 'java/lang/StackOverflowError'> (0x00000000d5aaa750) thrown at [D:\re\workspace\8-2-build-windows-amd64-cygwin\jdk8u20\1074\hotspot\src\share\vm\interpreter\interpreterRuntime.cpp, line 323]

Events (10 events):
Event: 191.509 Executing VM operation: GetOrSetLocal
Event: 191.509 Executing VM operation: GetOrSetLocal done
Event: 191.510 Executing VM operation: GetOrSetLocal
Event: 191.510 Executing VM operation: GetOrSetLocal done
Event: 191.510 Executing VM operation: GetOrSetLocal
Event: 191.510 Executing VM operation: GetOrSetLocal done
Event: 191.510 Executing VM operation: GetOrSetLocal
Event: 191.510 Executing VM operation: GetOrSetLocal done
Event: 191.510 Executing VM operation: GetOrSetLocal
Event: 191.510 Executing VM operation: GetOrSetLocal done


Dynamic libraries:
0x000000013f030000 - 0x000000013f064000 	C:\Program Files\Java\jdk1.8.0_20\bin\javaw.exe
0x0000000077160000 - 0x0000000077309000 	C:\Windows\SYSTEM32\ntdll.dll
0x0000000077040000 - 0x000000007715f000 	C:\Windows\system32\kernel32.dll
0x000007fefd1f0000 - 0x000007fefd25c000 	C:\Windows\system32\KERNELBASE.dll
0x000007fefd5c0000 - 0x000007fefd69b000 	C:\Windows\system32\ADVAPI32.dll
0x000007fefd470000 - 0x000007fefd50f000 	C:\Windows\system32\msvcrt.dll
0x000007fefda90000 - 0x000007fefdaaf000 	C:\Windows\SYSTEM32\sechost.dll
0x000007fefef20000 - 0x000007feff04d000 	C:\Windows\system32\RPCRT4.dll
0x0000000076f40000 - 0x000000007703a000 	C:\Windows\system32\USER32.dll
0x000007fefee60000 - 0x000007fefeec7000 	C:\Windows\system32\GDI32.dll
0x000007fefdb80000 - 0x000007fefdb8e000 	C:\Windows\system32\LPK.dll
0x000007fefdab0000 - 0x000007fefdb79000 	C:\Windows\system32\USP10.dll
0x000007fefbb10000 - 0x000007fefbd04000 	C:\Windows\WinSxS\amd64_microsoft.windows.common-controls_6595b64144ccf1df_6.0.7601.17514_none_fa396087175ac9ac\COMCTL32.dll
0x000007fefd510000 - 0x000007fefd581000 	C:\Windows\system32\SHLWAPI.dll
0x000007fefec20000 - 0x000007fefec4e000 	C:\Windows\system32\IMM32.DLL
0x000007feff300000 - 0x000007feff409000 	C:\Windows\system32\MSCTF.dll
0x00000000634f0000 - 0x00000000635c2000 	C:\Program Files\Java\jdk1.8.0_20\jre\bin\msvcr100.dll
0x0000000051950000 - 0x00000000521a8000 	C:\Program Files\Java\jdk1.8.0_20\jre\bin\server\jvm.dll
0x000007fefbaf0000 - 0x000007fefbaf9000 	C:\Windows\system32\WSOCK32.dll
0x000007fefeed0000 - 0x000007fefef1d000 	C:\Windows\system32\WS2_32.dll
0x000007fefd590000 - 0x000007fefd598000 	C:\Windows\system32\NSI.dll
0x000007fefb220000 - 0x000007fefb25b000 	C:\Windows\system32\WINMM.dll
0x0000000077330000 - 0x0000000077337000 	C:\Windows\system32\PSAPI.DLL
0x00000000638c0000 - 0x00000000638cf000 	C:\Program Files\Java\jdk1.8.0_20\jre\bin\verify.dll
0x0000000063680000 - 0x00000000636a8000 	C:\Program Files\Java\jdk1.8.0_20\jre\bin\java.dll
0x0000000063640000 - 0x0000000063675000 	C:\Program Files\Java\jdk1.8.0_20\jre\bin\jdwp.dll
0x00000000638f0000 - 0x00000000638f8000 	C:\Program Files\Java\jdk1.8.0_20\jre\bin\npt.dll
0x0000000063620000 - 0x0000000063636000 	C:\Program Files\Java\jdk1.8.0_20\jre\bin\zip.dll
0x000007fefdb90000 - 0x000007fefe918000 	C:\Windows\system32\SHELL32.dll
0x000007fefec50000 - 0x000007fefee53000 	C:\Windows\system32\ole32.dll
0x000007fefd060000 - 0x000007fefd06f000 	C:\Windows\system32\profapi.dll
0x0000000063610000 - 0x0000000063619000 	C:\Program Files\Java\jdk1.8.0_20\jre\bin\dt_socket.dll
0x000007fefb2d0000 - 0x000007fefb2e5000 	C:\Windows\system32\NLAapi.dll
0x000007fef8dd0000 - 0x000007fef8de5000 	C:\Windows\system32\napinsp.dll
0x000007fef8db0000 - 0x000007fef8dc9000 	C:\Windows\system32\pnrpnsp.dll
0x000007fefc890000 - 0x000007fefc8e5000 	C:\Windows\System32\mswsock.dll
0x000007fefc710000 - 0x000007fefc76b000 	C:\Windows\system32\DNSAPI.dll
0x000007fef8da0000 - 0x000007fef8dab000 	C:\Windows\System32\winrnr.dll
0x000007fefae40000 - 0x000007fefae67000 	C:\Windows\system32\IPHLPAPI.DLL
0x000007fefadb0000 - 0x000007fefadbb000 	C:\Windows\system32\WINNSI.DLL
0x000007fef9aa0000 - 0x000007fef9af3000 	C:\Windows\System32\fwpuclnt.dll
0x000007fef83b0000 - 0x000007fef83b8000 	C:\Windows\system32\rasadhlp.dll
0x000007fefc270000 - 0x000007fefc277000 	C:\Windows\System32\wshtcpip.dll
0x000007fef8f90000 - 0x000007fef90b5000 	C:\Windows\system32\dbghelp.dll

VM Arguments:
jvm_args: -agentlib:jdwp=transport=dt_socket,suspend=y,address=localhost:60945 -Dfile.encoding=GBK 
java_command: my.DebugTest
java_class_path (initial): D:\WorkSpace1\Java_Test\the;E:\ProToBeInstall\mySQL连接java包\mysql-connector-java-5.1.30\mysql-connector-java-5.1.30-bin.jar;D:\WorkSpace1\Java_Test\libs\log4j-1.2.17.jar;D:\WorkSpace1\Java_Test\libs\slf4j-api-1.5.6.jar;D:\WorkSpace1\Java_Test\libs\slf4j-simple-1.5.6.jar
Launcher Type: SUN_STANDARD

Environment Variables:
JAVA_HOME=C:\Program Files\Java\jdk1.8.0_20
CLASSPATH=.C:\Program Files\Java\jdk1.8.0_20\lib;C:\Program Files\Java\jdk1.8.0_20\lib\tools.jar
PATH=C:/Program Files/Java/jre1.8.0_20/bin/server;C:/Program Files/Java/jre1.8.0_20/bin;C:/Program Files/Java/jre1.8.0_20/lib/amd64;C:\ProgramData\Oracle\Java\javapath;C:\Program Files (x86)\NVIDIA Corporation\PhysX\Common;C:\Program Files (x86)\Intel\iCLS Client\;C:\Program Files\Intel\iCLS Client\;C:\Windows\system32;C:\Windows;C:\Windows\System32\Wbem;C:\Windows\System32\WindowsPowerShell\v1.0\;C:\Program Files (x86)\Windows7Master;C:\Program Files\Intel\Intel(R) Management Engine Components\DAL;C:\Program Files\Intel\Intel(R) Management Engine Components\IPT;C:\Program Files (x86)\Intel\Intel(R) Management Engine Components\DAL;C:\Program Files (x86)\Intel\Intel(R) Management Engine Components\IPT;C:\Program Files\Java\jdk1.8.0_20\bin;C:\Program Files\Java\jdk1.8.0_20\jre\bin;C:\Program Files\TortoiseSVN\bin;C:\Program Files (x86)\MySQL\MySQL Utilities 1.3.6\;E:\ProToBeInstall\eclipse_english\eclipse;
USERNAME=Administrator
OS=Windows_NT
PROCESSOR_IDENTIFIER=Intel64 Family 6 Model 42 Stepping 7, GenuineIntel



---------------  S Y S T E M  ---------------

OS: Windows 7 , 64 bit Build 7601 Service Pack 1

CPU:total 4 (4 cores per cpu, 1 threads per core) family 6 model 42 stepping 7, cmov, cx8, fxsr, mmx, sse, sse2, sse3, ssse3, sse4.1, sse4.2, popcnt, avx, aes, clmul, tsc, tscinvbit

Memory: 4k page, physical 8352796k(3534220k free), swap 16703728k(9867688k free)

vm_info: Java HotSpot(TM) 64-Bit Server VM (25.20-b23) for windows-amd64 JRE (1.8.0_20-b26), built on Jul 30 2014 13:51:23 by "java_re" with MS VC++ 10.0 (VS2010)

time: Tue Dec 09 15:49:22 2014
elapsed time: 251 seconds (0d 0h 4m 11s)

